########### array before sorts ###########
0	50.800000	40.640000	50.800000	51.543950	n
1	50.800000	51.543950	50.738801	52.008802	n
2	50.738801	52.008802	50.559375	52.441975	n
3	50.559375	52.441975	50.273949	52.813949	n
4	50.273949	52.813949	49.901975	53.099375	n
5	49.901975	53.099375	49.468802	53.278801	n
6	49.468802	53.278801	49.003950	53.340000	n
7	49.003950	53.340000	3.592100	53.340000	n
8	3.592100	53.340000	2.662396	53.217602	n
9	2.662396	53.217602	1.796050	52.858750	n
10	1.796050	52.858750	1.052102	52.287898	n
11	1.052102	52.287898	0.481250	51.543950	n
12	0.481250	51.543950	0.122398	50.677604	n
13	0.122398	50.677604	0.000000	49.747900	n
14	0.000000	49.747900	0.000000	3.592100	n
15	0.000000	3.592100	0.122398	2.662396	n
16	0.122398	2.662396	0.481250	1.796050	n
17	0.481250	1.796050	1.052102	1.052102	n
18	1.052102	1.052102	1.796050	0.481250	n
19	1.796050	0.481250	2.662396	0.122398	n
20	2.662396	0.122398	3.592100	0.000000	n
21	3.592100	0.000000	49.003950	0.000000	n
22	49.003950	0.000000	49.468802	0.061199	n
23	49.468802	0.061199	49.901975	0.240625	n
24	49.901975	0.240625	50.273949	0.526051	n
25	50.273949	0.526051	50.559375	0.898025	n
26	50.559375	0.898025	50.738801	1.331198	n
27	50.738801	1.331198	50.800000	1.796050	n
28	50.800000	1.796050	50.800000	2.540000	n
29	50.800000	2.540000	53.340000	5.080000	n
30	53.340000	5.080000	53.340000	38.100000	n
31	53.340000	38.100000	50.800000	40.640000	n
Tolerance=0.050000.
*Exact match for i=0 and j=1.
*i point 50.800000	40.640000	50.800000	51.543950	y
*Exact match for i=1 and j=2.
*i point 50.800000	51.543950	50.738801	52.008802	y
*Exact match for i=2 and j=3.
*i point 50.738801	52.008802	50.559375	52.441975	y
*Exact match for i=3 and j=4.
*i point 50.559375	52.441975	50.273949	52.813949	y
*Exact match for i=4 and j=5.
*i point 50.273949	52.813949	49.901975	53.099375	y
*Exact match for i=5 and j=6.
*i point 49.901975	53.099375	49.468802	53.278801	y
*Exact match for i=6 and j=7.
*i point 49.468802	53.278801	49.003950	53.340000	y
*Exact match for i=7 and j=8.
*i point 49.003950	53.340000	3.592100	53.340000	y
*Exact match for i=8 and j=9.
*i point 3.592100	53.340000	2.662396	53.217602	y
*Exact match for i=9 and j=10.
*i point 2.662396	53.217602	1.796050	52.858750	y
*Exact match for i=10 and j=11.
*i point 1.796050	52.858750	1.052102	52.287898	y
*Exact match for i=11 and j=12.
*i point 1.052102	52.287898	0.481250	51.543950	y
*Exact match for i=12 and j=13.
*i point 0.481250	51.543950	0.122398	50.677604	y
*Exact match for i=13 and j=14.
*i point 0.122398	50.677604	0.000000	49.747900	y
*Exact match for i=14 and j=15.
*i point 0.000000	49.747900	0.000000	3.592100	y
*Exact match for i=15 and j=16.
*i point 0.000000	3.592100	0.122398	2.662396	y
*Exact match for i=16 and j=17.
*i point 0.122398	2.662396	0.481250	1.796050	y
*Exact match for i=17 and j=18.
*i point 0.481250	1.796050	1.052102	1.052102	y
*Exact match for i=18 and j=19.
*i point 1.052102	1.052102	1.796050	0.481250	y
*Exact match for i=19 and j=20.
*i point 1.796050	0.481250	2.662396	0.122398	y
*Exact match for i=20 and j=21.
*i point 2.662396	0.122398	3.592100	0.000000	y
*Exact match for i=21 and j=22.
*i point 3.592100	0.000000	49.003950	0.000000	y
*Exact match for i=22 and j=23.
*i point 49.003950	0.000000	49.468802	0.061199	y
*Exact match for i=23 and j=24.
*i point 49.468802	0.061199	49.901975	0.240625	y
*Exact match for i=24 and j=25.
*i point 49.901975	0.240625	50.273949	0.526051	y
*Exact match for i=25 and j=26.
*i point 50.273949	0.526051	50.559375	0.898025	y
*Exact match for i=26 and j=27.
*i point 50.559375	0.898025	50.738801	1.331198	y
*Exact match for i=27 and j=28.
*i point 50.738801	1.331198	50.800000	1.796050	y
*Exact match for i=28 and j=29.
*i point 50.800000	1.796050	50.800000	2.540000	y
*Exact match for i=29 and j=30.
*i point 50.800000	2.540000	53.340000	5.080000	y
*Exact match for i=30 and j=31.
*i point 53.340000	5.080000	53.340000	38.100000	y
########### array after sorts ###########
0	50.800000	40.640000	50.800000	51.543950	y
1	50.800000	51.543950	50.738801	52.008802	y
2	50.738801	52.008802	50.559375	52.441975	y
3	50.559375	52.441975	50.273949	52.813949	y
4	50.273949	52.813949	49.901975	53.099375	y
5	49.901975	53.099375	49.468802	53.278801	y
6	49.468802	53.278801	49.003950	53.340000	y
7	49.003950	53.340000	3.592100	53.340000	y
8	3.592100	53.340000	2.662396	53.217602	y
9	2.662396	53.217602	1.796050	52.858750	y
10	1.796050	52.858750	1.052102	52.287898	y
11	1.052102	52.287898	0.481250	51.543950	y
12	0.481250	51.543950	0.122398	50.677604	y
13	0.122398	50.677604	0.000000	49.747900	y
14	0.000000	49.747900	0.000000	3.592100	y
15	0.000000	3.592100	0.122398	2.662396	y
16	0.122398	2.662396	0.481250	1.796050	y
17	0.481250	1.796050	1.052102	1.052102	y
18	1.052102	1.052102	1.796050	0.481250	y
19	1.796050	0.481250	2.662396	0.122398	y
20	2.662396	0.122398	3.592100	0.000000	y
21	3.592100	0.000000	49.003950	0.000000	y
22	49.003950	0.000000	49.468802	0.061199	y
23	49.468802	0.061199	49.901975	0.240625	y
24	49.901975	0.240625	50.273949	0.526051	y
25	50.273949	0.526051	50.559375	0.898025	y
26	50.559375	0.898025	50.738801	1.331198	y
27	50.738801	1.331198	50.800000	1.796050	y
28	50.800000	1.796050	50.800000	2.540000	y
29	50.800000	2.540000	53.340000	5.080000	y
30	53.340000	5.080000	53.340000	38.100000	y
31	53.340000	38.100000	50.800000	40.640000	y
***************
.BOARD_OUTLINE UNOWNED
1.6
0     50.800000     40.640000     0
0     50.800000     51.543950     0
0     50.738801     52.008802     0
0     50.559375     52.441975     0
0     50.273949     52.813949     0
0     49.901975     53.099375     0
0     49.468802     53.278801     0
0     49.003950     53.340000     0
0     3.592100     53.340000     0
0     2.662396     53.217602     0
0     1.796050     52.858750     0
0     1.052102     52.287898     0
0     0.481250     51.543950     0
0     0.122398     50.677604     0
0     0.000000     49.747900     0
0     0.000000     3.592100     0
0     0.122398     2.662396     0
0     0.481250     1.796050     0
0     1.052102     1.052102     0
0     1.796050     0.481250     0
0     2.662396     0.122398     0
0     3.592100     0.000000     0
0     49.003950     0.000000     0
0     49.468802     0.061199     0
0     49.901975     0.240625     0
0     50.273949     0.526051     0
0     50.559375     0.898025     0
0     50.738801     1.331198     0
0     50.800000     1.796050     0
0     50.800000     2.540000     0
0     53.340000     5.080000     0
0     53.340000     38.100000     0
0     50.800000     40.640000     0
